<?xml version="1.0" encoding="utf-8"?><testsuites name="pytest tests"><testsuite name="pytest" errors="0" failures="0" skipped="0" tests="28" time="192.118" timestamp="2026-07-24T08:40:02.951349+00:00" hostname="modal"><testcase classname="tests.test_baseline" name="test_two_runs_bitwise_identical" time="4.387" /><testcase classname="tests.test_baseline" name="test_loss_decreases" time="0.489" /><testcase classname="tests.test_baseline" name="test_param_count_in_target_range" time="0.033" /><testcase classname="tests.test_baseline" name="test_data_is_pure_function_of_seed_and_step" time="0.039" /><testcase classname="tests.test_dp" name="test_dp_curve_matches_reference[2]" time="8.534" /><testcase classname="tests.test_dp" name="test_dp_curve_matches_reference[4]" time="9.948" /><testcase classname="tests.test_dp" name="test_bucketed_equals_naive" time="16.395" /><testcase classname="tests.test_dp" name="test_gate_catches_missing_allreduce" time="8.009" /><testcase classname="tests.test_dp" name="test_allreduced_grads_equal_large_batch_grads[2]" time="6.376" /><testcase classname="tests.test_dp" name="test_allreduced_grads_equal_large_batch_grads[4]" time="9.091" /><testcase classname="tests.test_smoke" name="test_all_reduce_smoke[2]" time="6.415" /><testcase classname="tests.test_smoke" name="test_all_reduce_smoke[4]" time="7.358" /><testcase classname="tests.test_smoke" name="test_worker_failure_propagates" time="4.728" /><testcase classname="tests.test_smoke" name="test_per_rank_log_files_written" time="5.651" /><testcase classname="tests.test_tp" name="test_tp_mlp_matches_unsharded[2]" time="7.003" /><testcase classname="tests.test_tp" name="test_tp_mlp_matches_unsharded[4]" time="8.056" /><testcase classname="tests.test_tp" name="test_tp_attention_matches_unsharded[2]" time="6.308" /><testcase classname="tests.test_tp" name="test_tp_attention_matches_unsharded[4]" time="8.226" /><testcase classname="tests.test_tp" name="test_tp_transformer_matches_unsharded_end_to_end[2]" time="7.006" /><testcase classname="tests.test_tp" name="test_tp_transformer_matches_unsharded_end_to_end[4]" time="9.019" /><testcase classname="tests.test_zero" name="test_zero1_bitwise_matches_dp[2]" time="56.057" /><testcase classname="tests.test_zero" name="test_zero1_bitwise_matches_dp[4]" time="0.002" /><testcase classname="tests.test_zero" name="test_zero2_matches_dp[2]" time="0.001" /><testcase classname="tests.test_zero" name="test_zero2_matches_dp[4]" time="0.001" /><testcase classname="tests.test_zero" name="test_optimizer_state_sharding_is_real[2-1]" time="0.039" /><testcase classname="tests.test_zero" name="test_optimizer_state_sharding_is_real[2-2]" time="0.039" /><testcase classname="tests.test_zero" name="test_optimizer_state_sharding_is_real[4-1]" time="0.039" /><testcase classname="tests.test_zero" name="test_optimizer_state_sharding_is_real[4-2]" time="0.038" /></testsuite></testsuites>